<?xml version="1.0" encoding="UTF-8"?>
<testng-results skipped="0" failed="0" ignored="0" total="2" passed="2">
  <reporter-output>
  </reporter-output>
  <suite name="Suite" duration-ms="64766" started-at="2021-02-09T07:26:36Z" finished-at="2021-02-09T07:27:41Z">
    <groups>
    </groups>
    <test name="Test" duration-ms="64766" started-at="2021-02-09T07:26:36Z" finished-at="2021-02-09T07:27:41Z">
      <class name="Scripts.TestLoginPage">
        <test-method status="PASS" signature="OpenBrowser(java.lang.String)[pri:0, instance:Scripts.TestLoginPage@32e6e9c3]" name="OpenBrowser" is-config="true" duration-ms="11917" started-at="2021-02-09T07:26:36Z" finished-at="2021-02-09T07:26:48Z">
          <params>
            <param index="0">
              <value>
                <![CDATA[chrome]]>
              </value>
            </param>
          </params>
          <reporter-output>
          </reporter-output>
        </test-method> <!-- OpenBrowser -->
        <test-method status="PASS" signature="OpenApplication()[pri:0, instance:Scripts.TestLoginPage@32e6e9c3]" name="OpenApplication" is-config="true" duration-ms="19934" started-at="2021-02-09T07:26:48Z" finished-at="2021-02-09T07:27:08Z">
          <reporter-output>
          </reporter-output>
        </test-method> <!-- OpenApplication -->
        <test-method status="PASS" signature="validloginpage()[pri:0, instance:Scripts.TestLoginPage@32e6e9c3]" name="validloginpage" duration-ms="15231" started-at="2021-02-09T07:27:08Z" finished-at="2021-02-09T07:27:24Z">
          <reporter-output>
          </reporter-output>
        </test-method> <!-- validloginpage -->
        <test-method status="PASS" signature="closebrowser(org.testng.ITestResult)[pri:0, instance:Scripts.TestLoginPage@32e6e9c3]" name="closebrowser" is-config="true" duration-ms="541" started-at="2021-02-09T07:27:24Z" finished-at="2021-02-09T07:27:24Z">
          <params>
            <param index="0">
              <value>
                <![CDATA[[TestResult name=validloginpage status=SUCCESS method=TestLoginPage.validloginpage()[pri:0, instance:Scripts.TestLoginPage@32e6e9c3] output={null}]]]>
              </value>
            </param>
          </params>
          <reporter-output>
          </reporter-output>
        </test-method> <!-- closebrowser -->
      </class> <!-- Scripts.TestLoginPage -->
      <class name="Scripts.TestProductEdition">
        <test-method status="PASS" signature="OpenBrowser(java.lang.String)[pri:0, instance:Scripts.TestProductEdition@5056dfcb]" name="OpenBrowser" is-config="true" duration-ms="6934" started-at="2021-02-09T07:27:24Z" finished-at="2021-02-09T07:27:31Z">
          <params>
            <param index="0">
              <value>
                <![CDATA[chrome]]>
              </value>
            </param>
          </params>
          <reporter-output>
          </reporter-output>
        </test-method> <!-- OpenBrowser -->
        <test-method status="PASS" signature="OpenApplication()[pri:0, instance:Scripts.TestProductEdition@5056dfcb]" name="OpenApplication" is-config="true" duration-ms="5709" started-at="2021-02-09T07:27:31Z" finished-at="2021-02-09T07:27:37Z">
          <reporter-output>
          </reporter-output>
        </test-method> <!-- OpenApplication -->
        <test-method status="PASS" signature="TestProductEdition()[pri:0, instance:Scripts.TestProductEdition@5056dfcb]" name="TestProductEdition" duration-ms="4096" started-at="2021-02-09T07:27:37Z" finished-at="2021-02-09T07:27:41Z">
          <reporter-output>
          </reporter-output>
        </test-method> <!-- TestProductEdition -->
        <test-method status="PASS" signature="closebrowser(org.testng.ITestResult)[pri:0, instance:Scripts.TestProductEdition@5056dfcb]" name="closebrowser" is-config="true" duration-ms="274" started-at="2021-02-09T07:27:41Z" finished-at="2021-02-09T07:27:41Z">
          <params>
            <param index="0">
              <value>
                <![CDATA[[TestResult name=TestProductEdition status=SUCCESS method=TestProductEdition.TestProductEdition()[pri:0, instance:Scripts.TestProductEdition@5056dfcb] output={null}]]]>
              </value>
            </param>
          </params>
          <reporter-output>
          </reporter-output>
        </test-method> <!-- closebrowser -->
      </class> <!-- Scripts.TestProductEdition -->
    </test> <!-- Test -->
  </suite> <!-- Suite -->
</testng-results>
